The system is: Linux - 3.4.0+ - x86_64
Compiling the C compiler identification source file "CMakeCCompilerId.c" succeeded.
Compiler: /usr/bin/arm-frc-linux-gnueabi-gcc 
Build flags: 
Id flags: 

The output was:
0


Compilation of the C compiler identification source "CMakeCCompilerId.c" produced "a.out"

The C compiler identification is GNU, found in "/mnt/c/Users/WBI/workspace/Rowdy18/CMakeFiles/2.8.12.2/CompilerIdC/a.out"

Compiling the CXX compiler identification source file "CMakeCXXCompilerId.cpp" succeeded.
Compiler: /usr/bin/arm-frc-linux-gnueabi-g++ 
Build flags: 
Id flags: 

The output was:
0


Compilation of the CXX compiler identification source "CMakeCXXCompilerId.cpp" produced "a.out"

The CXX compiler identification is GNU, found in "/mnt/c/Users/WBI/workspace/Rowdy18/CMakeFiles/2.8.12.2/CompilerIdCXX/a.out"

Determining if the C compiler works passed with the following output:
Change Dir: /mnt/c/Users/WBI/workspace/Rowdy18/CMakeFiles/CMakeTmp

Run Build Command:/usr/bin/make "cmTryCompileExec1930470049/fast"
/usr/bin/make -f CMakeFiles/cmTryCompileExec1930470049.dir/build.make CMakeFiles/cmTryCompileExec1930470049.dir/build
make[1]: Entering directory `/mnt/c/Users/WBI/workspace/Rowdy18/CMakeFiles/CMakeTmp'
/usr/bin/cmake -E cmake_progress_report /mnt/c/Users/WBI/workspace/Rowdy18/CMakeFiles/CMakeTmp/CMakeFiles 1
Building C object CMakeFiles/cmTryCompileExec1930470049.dir/testCCompiler.c.o
/usr/bin/arm-frc-linux-gnueabi-gcc    -o CMakeFiles/cmTryCompileExec1930470049.dir/testCCompiler.c.o   -c /mnt/c/Users/WBI/workspace/Rowdy18/CMakeFiles/CMakeTmp/testCCompiler.c
Linking C executable cmTryCompileExec1930470049
/usr/bin/cmake -E cmake_link_script CMakeFiles/cmTryCompileExec1930470049.dir/link.txt --verbose=1
/usr/bin/arm-frc-linux-gnueabi-gcc       CMakeFiles/cmTryCompileExec1930470049.dir/testCCompiler.c.o  -o cmTryCompileExec1930470049 -rdynamic 
make[1]: Leaving directory `/mnt/c/Users/WBI/workspace/Rowdy18/CMakeFiles/CMakeTmp'


Detecting C compiler ABI info compiled with the following output:
Change Dir: /mnt/c/Users/WBI/workspace/Rowdy18/CMakeFiles/CMakeTmp

Run Build Command:/usr/bin/make "cmTryCompileExec847730533/fast"
/usr/bin/make -f CMakeFiles/cmTryCompileExec847730533.dir/build.make CMakeFiles/cmTryCompileExec847730533.dir/build
make[1]: Entering directory `/mnt/c/Users/WBI/workspace/Rowdy18/CMakeFiles/CMakeTmp'
/usr/bin/cmake -E cmake_progress_report /mnt/c/Users/WBI/workspace/Rowdy18/CMakeFiles/CMakeTmp/CMakeFiles 1
Building C object CMakeFiles/cmTryCompileExec847730533.dir/CMakeCCompilerABI.c.o
/usr/bin/arm-frc-linux-gnueabi-gcc    -o CMakeFiles/cmTryCompileExec847730533.dir/CMakeCCompilerABI.c.o   -c /usr/share/cmake-2.8/Modules/CMakeCCompilerABI.c
Linking C executable cmTryCompileExec847730533
/usr/bin/cmake -E cmake_link_script CMakeFiles/cmTryCompileExec847730533.dir/link.txt --verbose=1
/usr/bin/arm-frc-linux-gnueabi-gcc     -v CMakeFiles/cmTryCompileExec847730533.dir/CMakeCCompilerABI.c.o  -o cmTryCompileExec847730533 -rdynamic  
Using built-in specs.
COLLECT_GCC=/usr/bin/arm-frc-linux-gnueabi-gcc
COLLECT_LTO_WRAPPER=/usr/lib/x86_64-linux-gnu/gcc/arm-frc-linux-gnueabi/4.9.3/lto-wrapper
Target: arm-frc-linux-gnueabi
Configured with: /build/gcc-frc-armel-cross-GBC3MA/gcc-frc-armel-cross-4.9.3/configure --build=x86_64-linux-gnu --prefix=/usr --includedir='/usr/include' --mandir='/usr/share/man' --infodir='/usr/share/info' --sysconfdir=/etc --localstatedir=/var --libdir='/usr/lib/x86_64-linux-gnu' --libexecdir='/usr/lib/x86_64-linux-gnu' --disable-maintainer-mode --disable-dependency-tracking --enable-threads=posix --target=arm-frc-linux-gnueabi --with-arch=armv7-a --with-cpu=cortex-a9 --with-float=softfp --with-fpu=vfpv3 --with-specs='%{save-temps: -fverbose-asm} %{funwind-tables|fno-unwind-tables|mabi=*|ffreestanding|nostdlib:;:-funwind-tables}' --enable-languages=c,c++ --enable-shared --enable-lto --disable-nls --with-pkgversion='GCC for FRC' --with-cloog --disable-multilib --disable-multiarch --prefix=/usr --with-sysroot=/usr/arm-frc-linux-gnueabi --enable-poison-system-directories --enable-plugin --with-system-zlib --disable-libmudflap --with-build-sysroot=/usr/arm-frc-linux-gnueabi --program-suffix=-4.9 --program-prefix=arm-frc-linux-gnueabi-
Thread model: posix
gcc version 4.9.3 (GCC for FRC) 
COMPILER_PATH=/usr/lib/x86_64-linux-gnu/gcc/arm-frc-linux-gnueabi/4.9.3/:/usr/lib/x86_64-linux-gnu/gcc/arm-frc-linux-gnueabi/4.9.3/:/usr/lib/x86_64-linux-gnu/gcc/arm-frc-linux-gnueabi/:/usr/lib/x86_64-linux-gnu/gcc/arm-frc-linux-gnueabi/4.9.3/:/usr/lib/x86_64-linux-gnu/gcc/arm-frc-linux-gnueabi/:/usr/lib/x86_64-linux-gnu/gcc/arm-frc-linux-gnueabi/4.9.3/../../../../../arm-frc-linux-gnueabi/bin/
LIBRARY_PATH=/usr/lib/x86_64-linux-gnu/gcc/arm-frc-linux-gnueabi/4.9.3/:/usr/lib/x86_64-linux-gnu/gcc/arm-frc-linux-gnueabi/4.9.3/../../../../../arm-frc-linux-gnueabi/lib/:/usr/arm-frc-linux-gnueabi/lib/:/usr/arm-frc-linux-gnueabi/usr/lib/
COLLECT_GCC_OPTIONS='-v' '-o' 'cmTryCompileExec847730533' '-rdynamic' '-march=armv7-a' '-mfloat-abi=softfp' '-mfpu=vfpv3' '-mtls-dialect=gnu' '-funwind-tables'
 /usr/lib/x86_64-linux-gnu/gcc/arm-frc-linux-gnueabi/4.9.3/collect2 -plugin /usr/lib/x86_64-linux-gnu/gcc/arm-frc-linux-gnueabi/4.9.3/liblto_plugin.so -plugin-opt=/usr/lib/x86_64-linux-gnu/gcc/arm-frc-linux-gnueabi/4.9.3/lto-wrapper -plugin-opt=-fresolution=/tmp/ccE61ENj.res -plugin-opt=-pass-through=-lgcc -plugin-opt=-pass-through=-lgcc_s -plugin-opt=-pass-through=-lc -plugin-opt=-pass-through=-lgcc -plugin-opt=-pass-through=-lgcc_s --sysroot=/usr/arm-frc-linux-gnueabi --eh-frame-hdr -export-dynamic -dynamic-linker /lib/ld-linux.so.3 -X -m armelf_linux_eabi -o cmTryCompileExec847730533 /usr/arm-frc-linux-gnueabi/usr/lib/crt1.o /usr/arm-frc-linux-gnueabi/usr/lib/crti.o /usr/lib/x86_64-linux-gnu/gcc/arm-frc-linux-gnueabi/4.9.3/crtbegin.o -L/usr/lib/x86_64-linux-gnu/gcc/arm-frc-linux-gnueabi/4.9.3 -L/usr/lib/x86_64-linux-gnu/gcc/arm-frc-linux-gnueabi/4.9.3/../../../../../arm-frc-linux-gnueabi/lib -L/usr/arm-frc-linux-gnueabi/lib -L/usr/arm-frc-linux-gnueabi/usr/lib CMakeFiles/cmTryCompileExec847730533.dir/CMakeCCompilerABI.c.o -lgcc --as-needed -lgcc_s --no-as-needed -lc -lgcc --as-needed -lgcc_s --no-as-needed /usr/lib/x86_64-linux-gnu/gcc/arm-frc-linux-gnueabi/4.9.3/crtend.o /usr/arm-frc-linux-gnueabi/usr/lib/crtn.o
make[1]: Leaving directory `/mnt/c/Users/WBI/workspace/Rowdy18/CMakeFiles/CMakeTmp'


Parsed C implicit link information from above output:
  link line regex: [^( *|.*[/\])(ld|([^/\]+-)?ld|collect2)[^/\]*( |$)]
  ignore line: [Change Dir: /mnt/c/Users/WBI/workspace/Rowdy18/CMakeFiles/CMakeTmp]
  ignore line: []
  ignore line: [Run Build Command:/usr/bin/make "cmTryCompileExec847730533/fast"]
  ignore line: [/usr/bin/make -f CMakeFiles/cmTryCompileExec847730533.dir/build.make CMakeFiles/cmTryCompileExec847730533.dir/build]
  ignore line: [make[1]: Entering directory `/mnt/c/Users/WBI/workspace/Rowdy18/CMakeFiles/CMakeTmp']
  ignore line: [/usr/bin/cmake -E cmake_progress_report /mnt/c/Users/WBI/workspace/Rowdy18/CMakeFiles/CMakeTmp/CMakeFiles 1]
  ignore line: [Building C object CMakeFiles/cmTryCompileExec847730533.dir/CMakeCCompilerABI.c.o]
  ignore line: [/usr/bin/arm-frc-linux-gnueabi-gcc    -o CMakeFiles/cmTryCompileExec847730533.dir/CMakeCCompilerABI.c.o   -c /usr/share/cmake-2.8/Modules/CMakeCCompilerABI.c]
  ignore line: [Linking C executable cmTryCompileExec847730533]
  ignore line: [/usr/bin/cmake -E cmake_link_script CMakeFiles/cmTryCompileExec847730533.dir/link.txt --verbose=1]
  ignore line: [/usr/bin/arm-frc-linux-gnueabi-gcc     -v CMakeFiles/cmTryCompileExec847730533.dir/CMakeCCompilerABI.c.o  -o cmTryCompileExec847730533 -rdynamic  ]
  ignore line: [Using built-in specs.]
  ignore line: [COLLECT_GCC=/usr/bin/arm-frc-linux-gnueabi-gcc]
  ignore line: [COLLECT_LTO_WRAPPER=/usr/lib/x86_64-linux-gnu/gcc/arm-frc-linux-gnueabi/4.9.3/lto-wrapper]
  ignore line: [Target: arm-frc-linux-gnueabi]
  ignore line: [Configured with: /build/gcc-frc-armel-cross-GBC3MA/gcc-frc-armel-cross-4.9.3/configure --build=x86_64-linux-gnu --prefix=/usr --includedir='/usr/include' --mandir='/usr/share/man' --infodir='/usr/share/info' --sysconfdir=/etc --localstatedir=/var --libdir='/usr/lib/x86_64-linux-gnu' --libexecdir='/usr/lib/x86_64-linux-gnu' --disable-maintainer-mode --disable-dependency-tracking --enable-threads=posix --target=arm-frc-linux-gnueabi --with-arch=armv7-a --with-cpu=cortex-a9 --with-float=softfp --with-fpu=vfpv3 --with-specs='%{save-temps: -fverbose-asm} %{funwind-tables|fno-unwind-tables|mabi=*|ffreestanding|nostdlib:]
  ignore line: [:-funwind-tables}' --enable-languages=c,c++ --enable-shared --enable-lto --disable-nls --with-pkgversion='GCC for FRC' --with-cloog --disable-multilib --disable-multiarch --prefix=/usr --with-sysroot=/usr/arm-frc-linux-gnueabi --enable-poison-system-directories --enable-plugin --with-system-zlib --disable-libmudflap --with-build-sysroot=/usr/arm-frc-linux-gnueabi --program-suffix=-4.9 --program-prefix=arm-frc-linux-gnueabi-]
  ignore line: [Thread model: posix]
  ignore line: [gcc version 4.9.3 (GCC for FRC) ]
  ignore line: [COMPILER_PATH=/usr/lib/x86_64-linux-gnu/gcc/arm-frc-linux-gnueabi/4.9.3/:/usr/lib/x86_64-linux-gnu/gcc/arm-frc-linux-gnueabi/4.9.3/:/usr/lib/x86_64-linux-gnu/gcc/arm-frc-linux-gnueabi/:/usr/lib/x86_64-linux-gnu/gcc/arm-frc-linux-gnueabi/4.9.3/:/usr/lib/x86_64-linux-gnu/gcc/arm-frc-linux-gnueabi/:/usr/lib/x86_64-linux-gnu/gcc/arm-frc-linux-gnueabi/4.9.3/../../../../../arm-frc-linux-gnueabi/bin/]
  ignore line: [LIBRARY_PATH=/usr/lib/x86_64-linux-gnu/gcc/arm-frc-linux-gnueabi/4.9.3/:/usr/lib/x86_64-linux-gnu/gcc/arm-frc-linux-gnueabi/4.9.3/../../../../../arm-frc-linux-gnueabi/lib/:/usr/arm-frc-linux-gnueabi/lib/:/usr/arm-frc-linux-gnueabi/usr/lib/]
  ignore line: [COLLECT_GCC_OPTIONS='-v' '-o' 'cmTryCompileExec847730533' '-rdynamic' '-march=armv7-a' '-mfloat-abi=softfp' '-mfpu=vfpv3' '-mtls-dialect=gnu' '-funwind-tables']
  link line: [ /usr/lib/x86_64-linux-gnu/gcc/arm-frc-linux-gnueabi/4.9.3/collect2 -plugin /usr/lib/x86_64-linux-gnu/gcc/arm-frc-linux-gnueabi/4.9.3/liblto_plugin.so -plugin-opt=/usr/lib/x86_64-linux-gnu/gcc/arm-frc-linux-gnueabi/4.9.3/lto-wrapper -plugin-opt=-fresolution=/tmp/ccE61ENj.res -plugin-opt=-pass-through=-lgcc -plugin-opt=-pass-through=-lgcc_s -plugin-opt=-pass-through=-lc -plugin-opt=-pass-through=-lgcc -plugin-opt=-pass-through=-lgcc_s --sysroot=/usr/arm-frc-linux-gnueabi --eh-frame-hdr -export-dynamic -dynamic-linker /lib/ld-linux.so.3 -X -m armelf_linux_eabi -o cmTryCompileExec847730533 /usr/arm-frc-linux-gnueabi/usr/lib/crt1.o /usr/arm-frc-linux-gnueabi/usr/lib/crti.o /usr/lib/x86_64-linux-gnu/gcc/arm-frc-linux-gnueabi/4.9.3/crtbegin.o -L/usr/lib/x86_64-linux-gnu/gcc/arm-frc-linux-gnueabi/4.9.3 -L/usr/lib/x86_64-linux-gnu/gcc/arm-frc-linux-gnueabi/4.9.3/../../../../../arm-frc-linux-gnueabi/lib -L/usr/arm-frc-linux-gnueabi/lib -L/usr/arm-frc-linux-gnueabi/usr/lib CMakeFiles/cmTryCompileExec847730533.dir/CMakeCCompilerABI.c.o -lgcc --as-needed -lgcc_s --no-as-needed -lc -lgcc --as-needed -lgcc_s --no-as-needed /usr/lib/x86_64-linux-gnu/gcc/arm-frc-linux-gnueabi/4.9.3/crtend.o /usr/arm-frc-linux-gnueabi/usr/lib/crtn.o]
    arg [/usr/lib/x86_64-linux-gnu/gcc/arm-frc-linux-gnueabi/4.9.3/collect2] ==> ignore
    arg [-plugin] ==> ignore
    arg [/usr/lib/x86_64-linux-gnu/gcc/arm-frc-linux-gnueabi/4.9.3/liblto_plugin.so] ==> ignore
    arg [-plugin-opt=/usr/lib/x86_64-linux-gnu/gcc/arm-frc-linux-gnueabi/4.9.3/lto-wrapper] ==> ignore
    arg [-plugin-opt=-fresolution=/tmp/ccE61ENj.res] ==> ignore
    arg [-plugin-opt=-pass-through=-lgcc] ==> ignore
    arg [-plugin-opt=-pass-through=-lgcc_s] ==> ignore
    arg [-plugin-opt=-pass-through=-lc] ==> ignore
    arg [-plugin-opt=-pass-through=-lgcc] ==> ignore
    arg [-plugin-opt=-pass-through=-lgcc_s] ==> ignore
    arg [--sysroot=/usr/arm-frc-linux-gnueabi] ==> ignore
    arg [--eh-frame-hdr] ==> ignore
    arg [-export-dynamic] ==> ignore
    arg [-dynamic-linker] ==> ignore
    arg [/lib/ld-linux.so.3] ==> ignore
    arg [-X] ==> ignore
    arg [-m] ==> ignore
    arg [armelf_linux_eabi] ==> ignore
    arg [-o] ==> ignore
    arg [cmTryCompileExec847730533] ==> ignore
    arg [/usr/arm-frc-linux-gnueabi/usr/lib/crt1.o] ==> ignore
    arg [/usr/arm-frc-linux-gnueabi/usr/lib/crti.o] ==> ignore
    arg [/usr/lib/x86_64-linux-gnu/gcc/arm-frc-linux-gnueabi/4.9.3/crtbegin.o] ==> ignore
    arg [-L/usr/lib/x86_64-linux-gnu/gcc/arm-frc-linux-gnueabi/4.9.3] ==> dir [/usr/lib/x86_64-linux-gnu/gcc/arm-frc-linux-gnueabi/4.9.3]
    arg [-L/usr/lib/x86_64-linux-gnu/gcc/arm-frc-linux-gnueabi/4.9.3/../../../../../arm-frc-linux-gnueabi/lib] ==> dir [/usr/lib/x86_64-linux-gnu/gcc/arm-frc-linux-gnueabi/4.9.3/../../../../../arm-frc-linux-gnueabi/lib]
    arg [-L/usr/arm-frc-linux-gnueabi/lib] ==> dir [/usr/arm-frc-linux-gnueabi/lib]
    arg [-L/usr/arm-frc-linux-gnueabi/usr/lib] ==> dir [/usr/arm-frc-linux-gnueabi/usr/lib]
    arg [CMakeFiles/cmTryCompileExec847730533.dir/CMakeCCompilerABI.c.o] ==> ignore
    arg [-lgcc] ==> lib [gcc]
    arg [--as-needed] ==> ignore
    arg [-lgcc_s] ==> lib [gcc_s]
    arg [--no-as-needed] ==> ignore
    arg [-lc] ==> lib [c]
    arg [-lgcc] ==> lib [gcc]
    arg [--as-needed] ==> ignore
    arg [-lgcc_s] ==> lib [gcc_s]
    arg [--no-as-needed] ==> ignore
    arg [/usr/lib/x86_64-linux-gnu/gcc/arm-frc-linux-gnueabi/4.9.3/crtend.o] ==> ignore
    arg [/usr/arm-frc-linux-gnueabi/usr/lib/crtn.o] ==> ignore
  remove lib [gcc]
  remove lib [gcc_s]
  remove lib [gcc]
  remove lib [gcc_s]
  collapse library dir [/usr/lib/x86_64-linux-gnu/gcc/arm-frc-linux-gnueabi/4.9.3] ==> [/usr/lib/x86_64-linux-gnu/gcc/arm-frc-linux-gnueabi/4.9.3]
  collapse library dir [/usr/lib/x86_64-linux-gnu/gcc/arm-frc-linux-gnueabi/4.9.3/../../../../../arm-frc-linux-gnueabi/lib] ==> [/usr/arm-frc-linux-gnueabi/lib]
  collapse library dir [/usr/arm-frc-linux-gnueabi/lib] ==> [/usr/arm-frc-linux-gnueabi/lib]
  collapse library dir [/usr/arm-frc-linux-gnueabi/usr/lib] ==> [/usr/arm-frc-linux-gnueabi/usr/lib]
  implicit libs: [c]
  implicit dirs: [/usr/lib/x86_64-linux-gnu/gcc/arm-frc-linux-gnueabi/4.9.3;/usr/arm-frc-linux-gnueabi/lib;/usr/arm-frc-linux-gnueabi/usr/lib]
  implicit fwks: []


Determining if the CXX compiler works passed with the following output:
Change Dir: /mnt/c/Users/WBI/workspace/Rowdy18/CMakeFiles/CMakeTmp

Run Build Command:/usr/bin/make "cmTryCompileExec965063747/fast"
/usr/bin/make -f CMakeFiles/cmTryCompileExec965063747.dir/build.make CMakeFiles/cmTryCompileExec965063747.dir/build
make[1]: Entering directory `/mnt/c/Users/WBI/workspace/Rowdy18/CMakeFiles/CMakeTmp'
/usr/bin/cmake -E cmake_progress_report /mnt/c/Users/WBI/workspace/Rowdy18/CMakeFiles/CMakeTmp/CMakeFiles 1
Building CXX object CMakeFiles/cmTryCompileExec965063747.dir/testCXXCompiler.cxx.o
/usr/bin/arm-frc-linux-gnueabi-g++     -o CMakeFiles/cmTryCompileExec965063747.dir/testCXXCompiler.cxx.o -c /mnt/c/Users/WBI/workspace/Rowdy18/CMakeFiles/CMakeTmp/testCXXCompiler.cxx
Linking CXX executable cmTryCompileExec965063747
/usr/bin/cmake -E cmake_link_script CMakeFiles/cmTryCompileExec965063747.dir/link.txt --verbose=1
/usr/bin/arm-frc-linux-gnueabi-g++        CMakeFiles/cmTryCompileExec965063747.dir/testCXXCompiler.cxx.o  -o cmTryCompileExec965063747 -rdynamic 
make[1]: Leaving directory `/mnt/c/Users/WBI/workspace/Rowdy18/CMakeFiles/CMakeTmp'


Detecting CXX compiler ABI info compiled with the following output:
Change Dir: /mnt/c/Users/WBI/workspace/Rowdy18/CMakeFiles/CMakeTmp

Run Build Command:/usr/bin/make "cmTryCompileExec97415115/fast"
/usr/bin/make -f CMakeFiles/cmTryCompileExec97415115.dir/build.make CMakeFiles/cmTryCompileExec97415115.dir/build
make[1]: Entering directory `/mnt/c/Users/WBI/workspace/Rowdy18/CMakeFiles/CMakeTmp'
/usr/bin/cmake -E cmake_progress_report /mnt/c/Users/WBI/workspace/Rowdy18/CMakeFiles/CMakeTmp/CMakeFiles 1
Building CXX object CMakeFiles/cmTryCompileExec97415115.dir/CMakeCXXCompilerABI.cpp.o
/usr/bin/arm-frc-linux-gnueabi-g++     -o CMakeFiles/cmTryCompileExec97415115.dir/CMakeCXXCompilerABI.cpp.o -c /usr/share/cmake-2.8/Modules/CMakeCXXCompilerABI.cpp
Linking CXX executable cmTryCompileExec97415115
/usr/bin/cmake -E cmake_link_script CMakeFiles/cmTryCompileExec97415115.dir/link.txt --verbose=1
/usr/bin/arm-frc-linux-gnueabi-g++      -v CMakeFiles/cmTryCompileExec97415115.dir/CMakeCXXCompilerABI.cpp.o  -o cmTryCompileExec97415115 -rdynamic  
Using built-in specs.
COLLECT_GCC=/usr/bin/arm-frc-linux-gnueabi-g++
COLLECT_LTO_WRAPPER=/usr/lib/x86_64-linux-gnu/gcc/arm-frc-linux-gnueabi/4.9.3/lto-wrapper
Target: arm-frc-linux-gnueabi
Configured with: /build/gcc-frc-armel-cross-GBC3MA/gcc-frc-armel-cross-4.9.3/configure --build=x86_64-linux-gnu --prefix=/usr --includedir='/usr/include' --mandir='/usr/share/man' --infodir='/usr/share/info' --sysconfdir=/etc --localstatedir=/var --libdir='/usr/lib/x86_64-linux-gnu' --libexecdir='/usr/lib/x86_64-linux-gnu' --disable-maintainer-mode --disable-dependency-tracking --enable-threads=posix --target=arm-frc-linux-gnueabi --with-arch=armv7-a --with-cpu=cortex-a9 --with-float=softfp --with-fpu=vfpv3 --with-specs='%{save-temps: -fverbose-asm} %{funwind-tables|fno-unwind-tables|mabi=*|ffreestanding|nostdlib:;:-funwind-tables}' --enable-languages=c,c++ --enable-shared --enable-lto --disable-nls --with-pkgversion='GCC for FRC' --with-cloog --disable-multilib --disable-multiarch --prefix=/usr --with-sysroot=/usr/arm-frc-linux-gnueabi --enable-poison-system-directories --enable-plugin --with-system-zlib --disable-libmudflap --with-build-sysroot=/usr/arm-frc-linux-gnueabi --program-suffix=-4.9 --program-prefix=arm-frc-linux-gnueabi-
Thread model: posix
gcc version 4.9.3 (GCC for FRC) 
COMPILER_PATH=/usr/lib/x86_64-linux-gnu/gcc/arm-frc-linux-gnueabi/4.9.3/:/usr/lib/x86_64-linux-gnu/gcc/arm-frc-linux-gnueabi/4.9.3/:/usr/lib/x86_64-linux-gnu/gcc/arm-frc-linux-gnueabi/:/usr/lib/x86_64-linux-gnu/gcc/arm-frc-linux-gnueabi/4.9.3/:/usr/lib/x86_64-linux-gnu/gcc/arm-frc-linux-gnueabi/:/usr/lib/x86_64-linux-gnu/gcc/arm-frc-linux-gnueabi/4.9.3/../../../../../arm-frc-linux-gnueabi/bin/
LIBRARY_PATH=/usr/lib/x86_64-linux-gnu/gcc/arm-frc-linux-gnueabi/4.9.3/:/usr/lib/x86_64-linux-gnu/gcc/arm-frc-linux-gnueabi/4.9.3/../../../../../arm-frc-linux-gnueabi/lib/:/usr/arm-frc-linux-gnueabi/lib/:/usr/arm-frc-linux-gnueabi/usr/lib/
COLLECT_GCC_OPTIONS='-v' '-o' 'cmTryCompileExec97415115' '-rdynamic' '-shared-libgcc' '-march=armv7-a' '-mfloat-abi=softfp' '-mfpu=vfpv3' '-mtls-dialect=gnu' '-funwind-tables'
 /usr/lib/x86_64-linux-gnu/gcc/arm-frc-linux-gnueabi/4.9.3/collect2 -plugin /usr/lib/x86_64-linux-gnu/gcc/arm-frc-linux-gnueabi/4.9.3/liblto_plugin.so -plugin-opt=/usr/lib/x86_64-linux-gnu/gcc/arm-frc-linux-gnueabi/4.9.3/lto-wrapper -plugin-opt=-fresolution=/tmp/ccFCWyiX.res -plugin-opt=-pass-through=-lgcc_s -plugin-opt=-pass-through=-lgcc -plugin-opt=-pass-through=-lc -plugin-opt=-pass-through=-lgcc_s -plugin-opt=-pass-through=-lgcc --sysroot=/usr/arm-frc-linux-gnueabi --eh-frame-hdr -export-dynamic -dynamic-linker /lib/ld-linux.so.3 -X -m armelf_linux_eabi -o cmTryCompileExec97415115 /usr/arm-frc-linux-gnueabi/usr/lib/crt1.o /usr/arm-frc-linux-gnueabi/usr/lib/crti.o /usr/lib/x86_64-linux-gnu/gcc/arm-frc-linux-gnueabi/4.9.3/crtbegin.o -L/usr/lib/x86_64-linux-gnu/gcc/arm-frc-linux-gnueabi/4.9.3 -L/usr/lib/x86_64-linux-gnu/gcc/arm-frc-linux-gnueabi/4.9.3/../../../../../arm-frc-linux-gnueabi/lib -L/usr/arm-frc-linux-gnueabi/lib -L/usr/arm-frc-linux-gnueabi/usr/lib CMakeFiles/cmTryCompileExec97415115.dir/CMakeCXXCompilerABI.cpp.o -lstdc++ -lm -lgcc_s -lgcc -lc -lgcc_s -lgcc /usr/lib/x86_64-linux-gnu/gcc/arm-frc-linux-gnueabi/4.9.3/crtend.o /usr/arm-frc-linux-gnueabi/usr/lib/crtn.o
make[1]: Leaving directory `/mnt/c/Users/WBI/workspace/Rowdy18/CMakeFiles/CMakeTmp'


Parsed CXX implicit link information from above output:
  link line regex: [^( *|.*[/\])(ld|([^/\]+-)?ld|collect2)[^/\]*( |$)]
  ignore line: [Change Dir: /mnt/c/Users/WBI/workspace/Rowdy18/CMakeFiles/CMakeTmp]
  ignore line: []
  ignore line: [Run Build Command:/usr/bin/make "cmTryCompileExec97415115/fast"]
  ignore line: [/usr/bin/make -f CMakeFiles/cmTryCompileExec97415115.dir/build.make CMakeFiles/cmTryCompileExec97415115.dir/build]
  ignore line: [make[1]: Entering directory `/mnt/c/Users/WBI/workspace/Rowdy18/CMakeFiles/CMakeTmp']
  ignore line: [/usr/bin/cmake -E cmake_progress_report /mnt/c/Users/WBI/workspace/Rowdy18/CMakeFiles/CMakeTmp/CMakeFiles 1]
  ignore line: [Building CXX object CMakeFiles/cmTryCompileExec97415115.dir/CMakeCXXCompilerABI.cpp.o]
  ignore line: [/usr/bin/arm-frc-linux-gnueabi-g++     -o CMakeFiles/cmTryCompileExec97415115.dir/CMakeCXXCompilerABI.cpp.o -c /usr/share/cmake-2.8/Modules/CMakeCXXCompilerABI.cpp]
  ignore line: [Linking CXX executable cmTryCompileExec97415115]
  ignore line: [/usr/bin/cmake -E cmake_link_script CMakeFiles/cmTryCompileExec97415115.dir/link.txt --verbose=1]
  ignore line: [/usr/bin/arm-frc-linux-gnueabi-g++      -v CMakeFiles/cmTryCompileExec97415115.dir/CMakeCXXCompilerABI.cpp.o  -o cmTryCompileExec97415115 -rdynamic  ]
  ignore line: [Using built-in specs.]
  ignore line: [COLLECT_GCC=/usr/bin/arm-frc-linux-gnueabi-g++]
  ignore line: [COLLECT_LTO_WRAPPER=/usr/lib/x86_64-linux-gnu/gcc/arm-frc-linux-gnueabi/4.9.3/lto-wrapper]
  ignore line: [Target: arm-frc-linux-gnueabi]
  ignore line: [Configured with: /build/gcc-frc-armel-cross-GBC3MA/gcc-frc-armel-cross-4.9.3/configure --build=x86_64-linux-gnu --prefix=/usr --includedir='/usr/include' --mandir='/usr/share/man' --infodir='/usr/share/info' --sysconfdir=/etc --localstatedir=/var --libdir='/usr/lib/x86_64-linux-gnu' --libexecdir='/usr/lib/x86_64-linux-gnu' --disable-maintainer-mode --disable-dependency-tracking --enable-threads=posix --target=arm-frc-linux-gnueabi --with-arch=armv7-a --with-cpu=cortex-a9 --with-float=softfp --with-fpu=vfpv3 --with-specs='%{save-temps: -fverbose-asm} %{funwind-tables|fno-unwind-tables|mabi=*|ffreestanding|nostdlib:]
  ignore line: [:-funwind-tables}' --enable-languages=c,c++ --enable-shared --enable-lto --disable-nls --with-pkgversion='GCC for FRC' --with-cloog --disable-multilib --disable-multiarch --prefix=/usr --with-sysroot=/usr/arm-frc-linux-gnueabi --enable-poison-system-directories --enable-plugin --with-system-zlib --disable-libmudflap --with-build-sysroot=/usr/arm-frc-linux-gnueabi --program-suffix=-4.9 --program-prefix=arm-frc-linux-gnueabi-]
  ignore line: [Thread model: posix]
  ignore line: [gcc version 4.9.3 (GCC for FRC) ]
  ignore line: [COMPILER_PATH=/usr/lib/x86_64-linux-gnu/gcc/arm-frc-linux-gnueabi/4.9.3/:/usr/lib/x86_64-linux-gnu/gcc/arm-frc-linux-gnueabi/4.9.3/:/usr/lib/x86_64-linux-gnu/gcc/arm-frc-linux-gnueabi/:/usr/lib/x86_64-linux-gnu/gcc/arm-frc-linux-gnueabi/4.9.3/:/usr/lib/x86_64-linux-gnu/gcc/arm-frc-linux-gnueabi/:/usr/lib/x86_64-linux-gnu/gcc/arm-frc-linux-gnueabi/4.9.3/../../../../../arm-frc-linux-gnueabi/bin/]
  ignore line: [LIBRARY_PATH=/usr/lib/x86_64-linux-gnu/gcc/arm-frc-linux-gnueabi/4.9.3/:/usr/lib/x86_64-linux-gnu/gcc/arm-frc-linux-gnueabi/4.9.3/../../../../../arm-frc-linux-gnueabi/lib/:/usr/arm-frc-linux-gnueabi/lib/:/usr/arm-frc-linux-gnueabi/usr/lib/]
  ignore line: [COLLECT_GCC_OPTIONS='-v' '-o' 'cmTryCompileExec97415115' '-rdynamic' '-shared-libgcc' '-march=armv7-a' '-mfloat-abi=softfp' '-mfpu=vfpv3' '-mtls-dialect=gnu' '-funwind-tables']
  link line: [ /usr/lib/x86_64-linux-gnu/gcc/arm-frc-linux-gnueabi/4.9.3/collect2 -plugin /usr/lib/x86_64-linux-gnu/gcc/arm-frc-linux-gnueabi/4.9.3/liblto_plugin.so -plugin-opt=/usr/lib/x86_64-linux-gnu/gcc/arm-frc-linux-gnueabi/4.9.3/lto-wrapper -plugin-opt=-fresolution=/tmp/ccFCWyiX.res -plugin-opt=-pass-through=-lgcc_s -plugin-opt=-pass-through=-lgcc -plugin-opt=-pass-through=-lc -plugin-opt=-pass-through=-lgcc_s -plugin-opt=-pass-through=-lgcc --sysroot=/usr/arm-frc-linux-gnueabi --eh-frame-hdr -export-dynamic -dynamic-linker /lib/ld-linux.so.3 -X -m armelf_linux_eabi -o cmTryCompileExec97415115 /usr/arm-frc-linux-gnueabi/usr/lib/crt1.o /usr/arm-frc-linux-gnueabi/usr/lib/crti.o /usr/lib/x86_64-linux-gnu/gcc/arm-frc-linux-gnueabi/4.9.3/crtbegin.o -L/usr/lib/x86_64-linux-gnu/gcc/arm-frc-linux-gnueabi/4.9.3 -L/usr/lib/x86_64-linux-gnu/gcc/arm-frc-linux-gnueabi/4.9.3/../../../../../arm-frc-linux-gnueabi/lib -L/usr/arm-frc-linux-gnueabi/lib -L/usr/arm-frc-linux-gnueabi/usr/lib CMakeFiles/cmTryCompileExec97415115.dir/CMakeCXXCompilerABI.cpp.o -lstdc++ -lm -lgcc_s -lgcc -lc -lgcc_s -lgcc /usr/lib/x86_64-linux-gnu/gcc/arm-frc-linux-gnueabi/4.9.3/crtend.o /usr/arm-frc-linux-gnueabi/usr/lib/crtn.o]
    arg [/usr/lib/x86_64-linux-gnu/gcc/arm-frc-linux-gnueabi/4.9.3/collect2] ==> ignore
    arg [-plugin] ==> ignore
    arg [/usr/lib/x86_64-linux-gnu/gcc/arm-frc-linux-gnueabi/4.9.3/liblto_plugin.so] ==> ignore
    arg [-plugin-opt=/usr/lib/x86_64-linux-gnu/gcc/arm-frc-linux-gnueabi/4.9.3/lto-wrapper] ==> ignore
    arg [-plugin-opt=-fresolution=/tmp/ccFCWyiX.res] ==> ignore
    arg [-plugin-opt=-pass-through=-lgcc_s] ==> ignore
    arg [-plugin-opt=-pass-through=-lgcc] ==> ignore
    arg [-plugin-opt=-pass-through=-lc] ==> ignore
    arg [-plugin-opt=-pass-through=-lgcc_s] ==> ignore
    arg [-plugin-opt=-pass-through=-lgcc] ==> ignore
    arg [--sysroot=/usr/arm-frc-linux-gnueabi] ==> ignore
    arg [--eh-frame-hdr] ==> ignore
    arg [-export-dynamic] ==> ignore
    arg [-dynamic-linker] ==> ignore
    arg [/lib/ld-linux.so.3] ==> ignore
    arg [-X] ==> ignore
    arg [-m] ==> ignore
    arg [armelf_linux_eabi] ==> ignore
    arg [-o] ==> ignore
    arg [cmTryCompileExec97415115] ==> ignore
    arg [/usr/arm-frc-linux-gnueabi/usr/lib/crt1.o] ==> ignore
    arg [/usr/arm-frc-linux-gnueabi/usr/lib/crti.o] ==> ignore
    arg [/usr/lib/x86_64-linux-gnu/gcc/arm-frc-linux-gnueabi/4.9.3/crtbegin.o] ==> ignore
    arg [-L/usr/lib/x86_64-linux-gnu/gcc/arm-frc-linux-gnueabi/4.9.3] ==> dir [/usr/lib/x86_64-linux-gnu/gcc/arm-frc-linux-gnueabi/4.9.3]
    arg [-L/usr/lib/x86_64-linux-gnu/gcc/arm-frc-linux-gnueabi/4.9.3/../../../../../arm-frc-linux-gnueabi/lib] ==> dir [/usr/lib/x86_64-linux-gnu/gcc/arm-frc-linux-gnueabi/4.9.3/../../../../../arm-frc-linux-gnueabi/lib]
    arg [-L/usr/arm-frc-linux-gnueabi/lib] ==> dir [/usr/arm-frc-linux-gnueabi/lib]
    arg [-L/usr/arm-frc-linux-gnueabi/usr/lib] ==> dir [/usr/arm-frc-linux-gnueabi/usr/lib]
    arg [CMakeFiles/cmTryCompileExec97415115.dir/CMakeCXXCompilerABI.cpp.o] ==> ignore
    arg [-lstdc++] ==> lib [stdc++]
    arg [-lm] ==> lib [m]
    arg [-lgcc_s] ==> lib [gcc_s]
    arg [-lgcc] ==> lib [gcc]
    arg [-lc] ==> lib [c]
    arg [-lgcc_s] ==> lib [gcc_s]
    arg [-lgcc] ==> lib [gcc]
    arg [/usr/lib/x86_64-linux-gnu/gcc/arm-frc-linux-gnueabi/4.9.3/crtend.o] ==> ignore
    arg [/usr/arm-frc-linux-gnueabi/usr/lib/crtn.o] ==> ignore
  remove lib [gcc_s]
  remove lib [gcc]
  remove lib [gcc_s]
  remove lib [gcc]
  collapse library dir [/usr/lib/x86_64-linux-gnu/gcc/arm-frc-linux-gnueabi/4.9.3] ==> [/usr/lib/x86_64-linux-gnu/gcc/arm-frc-linux-gnueabi/4.9.3]
  collapse library dir [/usr/lib/x86_64-linux-gnu/gcc/arm-frc-linux-gnueabi/4.9.3/../../../../../arm-frc-linux-gnueabi/lib] ==> [/usr/arm-frc-linux-gnueabi/lib]
  collapse library dir [/usr/arm-frc-linux-gnueabi/lib] ==> [/usr/arm-frc-linux-gnueabi/lib]
  collapse library dir [/usr/arm-frc-linux-gnueabi/usr/lib] ==> [/usr/arm-frc-linux-gnueabi/usr/lib]
  implicit libs: [stdc++;m;c]
  implicit dirs: [/usr/lib/x86_64-linux-gnu/gcc/arm-frc-linux-gnueabi/4.9.3;/usr/arm-frc-linux-gnueabi/lib;/usr/arm-frc-linux-gnueabi/usr/lib]
  implicit fwks: []


